# JRE version: OpenJDK Runtime Environment (8.0_112-b06) (build 1.8.0_112-release-b06)
# Java VM: OpenJDK 64-Bit Server VM (25.112-b06 mixed mode windows-amd64 compressed oops)
Heap:
 PSYoungGen      total 227840K, used 24386K [0x00000000e0000000, 0x00000000f0880000, 0x0000000100000000)
  eden space 201728K, 0% used [0x00000000e0000000,0x00000000e0000000,0x00000000ec500000)
  from space 26112K, 93% used [0x00000000ee180000,0x00000000ef9508c8,0x00000000efb00000)
  to   space 29184K, 0% used [0x00000000ec500000,0x00000000ec500000,0x00000000ee180000)
 ParOldGen       total 192000K, used 34559K [0x00000000a0000000, 0x00000000abb80000, 0x00000000e0000000)
  object space 192000K, 17% used [0x00000000a0000000,0x00000000a21bfcf8,0x00000000abb80000)
 Metaspace       used 56657K, capacity 59048K, committed 59160K, reserved 1099776K
  class space    used 7578K, capacity 8061K, committed 8064K, reserved 1048576K
GC Heap History (10 events):
Event: 26.787 GC heap after
Heap after GC invocations=8 (full 2):
 PSYoungGen      total 134144K, used 9055K [0x00000000e0000000, 0x00000000e9380000, 0x0000000100000000)
  eden space 120320K, 0% used [0x00000000e0000000,0x00000000e0000000,0x00000000e7580000)
  from space 13824K, 65% used [0x00000000e8280000,0x00000000e8b57ce0,0x00000000e9000000)
  to   space 13312K, 0% used [0x00000000e7580000,0x00000000e7580000,0x00000000e8280000)
 ParOldGen       total 192000K, used 16692K [0x00000000a0000000, 0x00000000abb80000, 0x00000000e0000000)
  object space 192000K, 8% used [0x00000000a0000000,0x00000000a104d078,0x00000000abb80000)
 Metaspace       used 38825K, capacity 39742K, committed 39936K, reserved 1083392K
  class space    used 5127K, capacity 5359K, committed 5376K, reserved 1048576K
}
Event: 30.263 GC heap before
{Heap before GC invocations=9 (full 2):
 PSYoungGen      total 134144K, used 129375K [0x00000000e0000000, 0x00000000e9380000, 0x0000000100000000)
  eden space 120320K, 100% used [0x00000000e0000000,0x00000000e7580000,0x00000000e7580000)
  from space 13824K, 65% used [0x00000000e8280000,0x00000000e8b57ce0,0x00000000e9000000)
  to   space 13312K, 0% used [0x00000000e7580000,0x00000000e7580000,0x00000000e8280000)
 ParOldGen       total 192000K, used 16692K [0x00000000a0000000, 0x00000000abb80000, 0x00000000e0000000)
  object space 192000K, 8% used [0x00000000a0000000,0x00000000a104d078,0x00000000abb80000)
 Metaspace       used 45827K, capacity 46848K, committed 47104K, reserved 1089536K
  class space    used 6041K, capacity 6312K, committed 6400K, reserved 1048576K
Event: 30.286 GC heap after
Heap after GC invocations=9 (full 2):
 PSYoungGen      total 133632K, used 13304K [0x00000000e0000000, 0x00000000ec080000, 0x0000000100000000)
  eden space 120320K, 0% used [0x00000000e0000000,0x00000000e0000000,0x00000000e7580000)
  from space 13312K, 99% used [0x00000000e7580000,0x00000000e827e258,0x00000000e8280000)
  to   space 14848K, 0% used [0x00000000eb200000,0x00000000eb200000,0x00000000ec080000)
 ParOldGen       total 192000K, used 17530K [0x00000000a0000000, 0x00000000abb80000, 0x00000000e0000000)
  object space 192000K, 9% used [0x00000000a0000000,0x00000000a111e9e0,0x00000000abb80000)
 Metaspace       used 45827K, capacity 46848K, committed 47104K, reserved 1089536K
  class space    used 6041K, capacity 6312K, committed 6400K, reserved 1048576K
}
Event: 32.854 GC heap before
{Heap before GC invocations=10 (full 2):
 PSYoungGen      total 133632K, used 133624K [0x00000000e0000000, 0x00000000ec080000, 0x0000000100000000)
  eden space 120320K, 100% used [0x00000000e0000000,0x00000000e7580000,0x00000000e7580000)
  from space 13312K, 99% used [0x00000000e7580000,0x00000000e827e258,0x00000000e8280000)
  to   space 14848K, 0% used [0x00000000eb200000,0x00000000eb200000,0x00000000ec080000)
 ParOldGen       total 192000K, used 17530K [0x00000000a0000000, 0x00000000abb80000, 0x00000000e0000000)
  object space 192000K, 9% used [0x00000000a0000000,0x00000000a111e9e0,0x00000000abb80000)
 Metaspace       used 50709K, capacity 52374K, committed 52480K, reserved 1095680K
  class space    used 6826K, capacity 7154K, committed 7168K, reserved 1048576K
Event: 32.891 GC heap after
Heap after GC invocations=10 (full 2):
 PSYoungGen      total 176640K, used 14831K [0x00000000e0000000, 0x00000000ed300000, 0x0000000100000000)
  eden space 161792K, 0% used [0x00000000e0000000,0x00000000e0000000,0x00000000e9e00000)
  from space 14848K, 99% used [0x00000000eb200000,0x00000000ec07bff0,0x00000000ec080000)
  to   space 20480K, 0% used [0x00000000e9e00000,0x00000000e9e00000,0x00000000eb200000)
 ParOldGen       total 192000K, used 26446K [0x00000000a0000000, 0x00000000abb80000, 0x00000000e0000000)
  object space 192000K, 13% used [0x00000000a0000000,0x00000000a19d3b18,0x00000000abb80000)
 Metaspace       used 50709K, capacity 52374K, committed 52480K, reserved 1095680K
  class space    used 6826K, capacity 7154K, committed 7168K, reserved 1048576K
}
Event: 39.386 GC heap before
{Heap before GC invocations=11 (full 2):
 PSYoungGen      total 176640K, used 176623K [0x00000000e0000000, 0x00000000ed300000, 0x0000000100000000)
  eden space 161792K, 100% used [0x00000000e0000000,0x00000000e9e00000,0x00000000e9e00000)
  from space 14848K, 99% used [0x00000000eb200000,0x00000000ec07bff0,0x00000000ec080000)
  to   space 20480K, 0% used [0x00000000e9e00000,0x00000000e9e00000,0x00000000eb200000)
 ParOldGen       total 192000K, used 26446K [0x00000000a0000000, 0x00000000abb80000, 0x00000000e0000000)
  object space 192000K, 13% used [0x00000000a0000000,0x00000000a19d3b18,0x00000000abb80000)
 Metaspace       used 54855K, capacity 57174K, committed 57216K, reserved 1099776K
  class space    used 7336K, capacity 7806K, committed 7808K, reserved 1048576K
Event: 39.430 GC heap after
Heap after GC invocations=11 (full 2):
 PSYoungGen      total 182272K, used 20450K [0x00000000e0000000, 0x00000000efb00000, 0x0000000100000000)
  eden space 161792K, 0% used [0x00000000e0000000,0x00000000e0000000,0x00000000e9e00000)
  from space 20480K, 99% used [0x00000000e9e00000,0x00000000eb1f88c8,0x00000000eb200000)
  to   space 26112K, 0% used [0x00000000ee180000,0x00000000ee180000,0x00000000efb00000)
 ParOldGen       total 192000K, used 34551K [0x00000000a0000000, 0x00000000abb80000, 0x00000000e0000000)
  object space 192000K, 17% used [0x00000000a0000000,0x00000000a21bdcf8,0x00000000abb80000)
 Metaspace       used 54855K, capacity 57174K, committed 57216K, reserved 1099776K
  class space    used 7336K, capacity 7806K, committed 7808K, reserved 1048576K
}
Event: 41.139 GC heap before
{Heap before GC invocations=12 (full 2):
 PSYoungGen      total 182272K, used 52173K [0x00000000e0000000, 0x00000000efb00000, 0x0000000100000000)
  eden space 161792K, 19% used [0x00000000e0000000,0x00000000e1efabe8,0x00000000e9e00000)
  from space 20480K, 99% used [0x00000000e9e00000,0x00000000eb1f88c8,0x00000000eb200000)
  to   space 26112K, 0% used [0x00000000ee180000,0x00000000ee180000,0x00000000efb00000)
 ParOldGen       total 192000K, used 34551K [0x00000000a0000000, 0x00000000abb80000, 0x00000000e0000000)
  object space 192000K, 17% used [0x00000000a0000000,0x00000000a21bdcf8,0x00000000abb80000)
 Metaspace       used 56657K, capacity 59048K, committed 59160K, reserved 1099776K
  class space    used 7578K, capacity 8061K, committed 8064K, reserved 1048576K
Event: 41.176 GC heap after
Heap after GC invocations=12 (full 2):
 PSYoungGen      total 227840K, used 24386K [0x00000000e0000000, 0x00000000f0880000, 0x0000000100000000)
  eden space 201728K, 0% used [0x00000000e0000000,0x00000000e0000000,0x00000000ec500000)
  from space 26112K, 93% used [0x00000000ee180000,0x00000000ef9508c8,0x00000000efb00000)
  to   space 29184K, 0% used [0x00000000ec500000,0x00000000ec500000,0x00000000ee180000)
 ParOldGen       total 192000K, used 34559K [0x00000000a0000000, 0x00000000abb80000, 0x00000000e0000000)
  object space 192000K, 17% used [0x00000000a0000000,0x00000000a21bfcf8,0x00000000abb80000)
 Metaspace       used 56657K, capacity 59048K, committed 59160K, reserved 1099776K
  class space    used 7578K, capacity 8061K, committed 8064K, reserved 1048576K
}
Event: 41.176 GC heap before
{Heap before GC invocations=13 (full 3):
 PSYoungGen      total 227840K, used 24386K [0x00000000e0000000, 0x00000000f0880000, 0x0000000100000000)
  eden space 201728K, 0% used [0x00000000e0000000,0x00000000e0000000,0x00000000ec500000)
  from space 26112K, 93% used [0x00000000ee180000,0x00000000ef9508c8,0x00000000efb00000)
  to   space 29184K, 0% used [0x00000000ec500000,0x00000000ec500000,0x00000000ee180000)
 ParOldGen       total 192000K, used 34559K [0x00000000a0000000, 0x00000000abb80000, 0x00000000e0000000)
  object space 192000K, 17% used [0x00000000a0000000,0x00000000a21bfcf8,0x00000000abb80000)
 Metaspace       used 56657K, capacity 59048K, committed 59160K, reserved 1099776K
  class space    used 7578K, capacity 8061K, committed 8064K, reserved 1048576K

